2026-06-10 01:29:52.037 [info] [main] Log level: Info
2026-06-10 01:29:52.037 [info] [main] Validating found git in: "git"
2026-06-10 01:29:52.037 [info] [main] Using git "2.25.1" from "git"
2026-06-10 01:29:52.037 [info] [Model][doInitialScan] Initial repository scan started
2026-06-10 01:29:52.061 [info] > git rev-parse --show-toplevel [31ms]
2026-06-10 01:29:52.082 [info] > git rev-parse --git-dir --git-common-dir --show-superproject-working-tree [7ms]
2026-06-10 01:30:05.840 [info] [Model][openRepository] Opened repository (path): /home/devasc/Jenkins/sample-app
2026-06-10 01:30:05.840 [info] [Model][openRepository] Opened repository (real path): /home/devasc/Jenkins/sample-app
2026-06-10 01:30:05.840 [info] [Model][openRepository] Opened repository (kind): repository
2026-06-10 01:30:05.867 [info] [Model][doInitialScan] Initial repository scan completed - repositories (1), closed repositories (0), parent repositories (0), unsafe repositories (0)
2026-06-10 01:30:05.875 [info] > git config --get --local core.virtualfilesystem [8ms]
2026-06-10 01:30:05.875 [warning] [Git][config] git config failed: Failed to execute git
2026-06-10 01:30:05.880 [info] > git config --get commit.template [6ms]
2026-06-10 01:30:05.911 [info] > git for-each-ref --format=%(refname)%00%(upstream:short)%00%(objectname)%00%(upstream:track)%00%(upstream:remotename)%00%(upstream:remoteref) refs/heads/master refs/remotes/master [17ms]
2026-06-10 01:30:05.943 [info] > git status -z -uall [12ms]
2026-06-10 01:30:05.943 [info] > git for-each-ref --sort -committerdate --format %(refname)%00%(objectname)%00%(*objectname) [4ms]
2026-06-10 01:30:05.997 [info] > git for-each-ref --format=%(refname)%00%(upstream:short)%00%(objectname)%00%(upstream:track)%00%(upstream:remotename)%00%(upstream:remoteref) refs/heads/master refs/remotes/master [12ms]
2026-06-10 01:30:06.017 [info] > git config --get --local branch.master.vscode-merge-base [9ms]
2026-06-10 01:30:06.017 [warning] [Git][config] git config failed: Failed to execute git
2026-06-10 01:30:06.025 [info] > git config --get commit.template [30ms]
2026-06-10 01:30:06.027 [info] > git for-each-ref --format=%(refname)%00%(upstream:short)%00%(objectname)%00%(upstream:track)%00%(upstream:remotename)%00%(upstream:remoteref) refs/heads/master refs/remotes/master [12ms]
2026-06-10 01:30:06.094 [info] > git status -z -uall [58ms]
2026-06-10 01:30:06.094 [info] > git for-each-ref --sort -committerdate --format %(refname)%00%(objectname)%00%(*objectname) [47ms]
2026-06-10 01:30:06.107 [info] > git reflog master --grep-reflog=branch: Created from *. [82ms]
2026-06-10 01:30:06.132 [info] > git symbolic-ref --short refs/remotes/origin_cicd/HEAD [15ms]
2026-06-10 01:30:06.132 [info] fatal: ref refs/remotes/origin_cicd/HEAD is not a symbolic ref
2026-06-10 01:30:06.132 [warning] [Repository][getDefaultBranch] Failed to get default branch details: Failed to execute git.
2026-06-10 01:30:06.851 [info] > git check-ignore -v -z --stdin [8ms]
2026-06-10 01:32:17.353 [info] > git config --get commit.template [4ms]
2026-06-10 01:32:17.354 [info] > git for-each-ref --format=%(refname)%00%(upstream:short)%00%(objectname)%00%(upstream:track)%00%(upstream:remotename)%00%(upstream:remoteref) refs/heads/master refs/remotes/master [2ms]
2026-06-10 01:32:17.361 [info] > git status -z -uall [4ms]
2026-06-10 01:32:17.362 [info] > git for-each-ref --sort -committerdate --format %(refname)%00%(objectname)%00%(*objectname) [2ms]
2026-06-10 01:32:36.345 [info] [main] Log level: Info
2026-06-10 01:32:36.345 [info] [main] Validating found git in: "git"
2026-06-10 01:32:36.345 [info] [main] Using git "2.25.1" from "git"
2026-06-10 01:32:36.345 [info] [Model][doInitialScan] Initial repository scan started
2026-06-10 01:32:36.345 [info] > git rev-parse --show-toplevel [66ms]
2026-06-10 01:32:36.345 [info] fatal: not a git repository (or any of the parent directories): .git
2026-06-10 01:32:36.417 [info] > git rev-parse --show-toplevel [73ms]
2026-06-10 01:32:36.417 [info] fatal: not a git repository (or any of the parent directories): .git
2026-06-10 01:32:36.473 [info] > git rev-parse --show-toplevel [11ms]
2026-06-10 01:32:36.473 [info] fatal: not a git repository (or any of the parent directories): .git
2026-06-10 01:32:36.473 [info] [Model][doInitialScan] Initial repository scan completed - repositories (0), closed repositories (0), parent repositories (0), unsafe repositories (0)
2026-06-10 01:32:36.596 [info] > git rev-parse --show-toplevel [3ms]
2026-06-10 01:32:36.597 [info] fatal: not a git repository (or any of the parent directories): .git
2026-06-10 01:32:37.000 [info] > git rev-parse --show-toplevel [2ms]
2026-06-10 01:32:37.000 [info] fatal: not a git repository (or any of the parent directories): .git
2026-06-10 01:32:37.687 [info] > git rev-parse --show-toplevel [3ms]
2026-06-10 01:32:37.687 [info] fatal: not a git repository (or any of the parent directories): .git
2026-06-10 01:32:58.721 [info] > git rev-parse --show-toplevel [4ms]
2026-06-10 01:32:58.721 [info] fatal: not a git repository (or any of the parent directories): .git
2026-06-10 01:39:38.394 [info] > git rev-parse --show-toplevel [4ms]
2026-06-10 01:39:38.394 [info] fatal: not a git repository (or any of the parent directories): .git
2026-06-10 01:41:14.495 [info] > git rev-parse --show-toplevel [8ms]
2026-06-10 01:41:14.495 [info] fatal: not a git repository (or any of the parent directories): .git
2026-06-10 01:56:15.713 [info] > git rev-parse --show-toplevel [3ms]
2026-06-10 01:56:15.713 [info] fatal: not a git repository (or any of the parent directories): .git
2026-06-10 01:56:16.375 [info] > git rev-parse --show-toplevel [4ms]
2026-06-10 01:56:16.375 [info] fatal: not a git repository (or any of the parent directories): .git
2026-06-10 01:56:17.419 [info] > git rev-parse --show-toplevel [2ms]
2026-06-10 01:56:17.419 [info] fatal: not a git repository (or any of the parent directories): .git
2026-06-10 01:56:25.624 [info] > git rev-parse --show-toplevel [3ms]
2026-06-10 01:56:25.624 [info] fatal: not a git repository (or any of the parent directories): .git
2026-06-10 04:24:09.815 [info] > git rev-parse --show-toplevel [2ms]
2026-06-10 04:24:09.815 [info] fatal: not a git repository (or any of the parent directories): .git
2026-06-10 04:24:11.844 [info] > git rev-parse --show-toplevel [4ms]
2026-06-10 04:24:11.844 [info] fatal: not a git repository (or any of the parent directories): .git
2026-06-10 04:24:13.626 [info] > git rev-parse --show-toplevel [10ms]
2026-06-10 04:24:13.626 [info] fatal: not a git repository (or any of the parent directories): .git
2026-06-10 04:26:01.420 [info] > git rev-parse --show-toplevel [4ms]
2026-06-10 04:26:01.420 [info] fatal: not a git repository (or any of the parent directories): .git
2026-06-10 04:28:05.515 [info] > git rev-parse --show-toplevel [3ms]
2026-06-10 04:28:05.515 [info] fatal: not a git repository (or any of the parent directories): .git
