[2962][1585587045868][main][info]["Booting Postman 7.21.1, linux-5.4.0-18-generic on x64"]
[2962][1585587045874][main][info]["EventBus~initialize - Success"]
[2962][1585587045879][main][warn]["CloudProxyManager~init: Error while reading proxy configuration from user data - ",{"errno":-2,"code":"ENOENT","syscall":"open","path":"/home/devasc/snap/postman/103/.config/Postman/Postman_Config/proxy","name":"Error","message":"ENOENT: no such file or directory, open '/home/devasc/snap/postman/103/.config/Postman/Postman_Config/proxy'","stack":"Error: ENOENT: no such file or directory, open '/home/devasc/snap/postman/103/.config/Postman/Postman_Config/proxy'"}]
[2962][1585587045880][main][info]["CloudProxyManager~init - Success"]
[2962][1585587045893][main][info]["UpdateHandler~init - Success"]
[2962][1585587045894][main][info]["RuntimeExecutionService~initialized: Success"]
[2962][1585587046397][main][info]["LinuxAutoUpdater~Cleanup - Initial cleanup successful"]
[2962][1585587046840][main][info]["Bootstrap-models~bootstrap - Success"]
[2962][1585587047705][main][info]["window-manager~newSharedWindow: Shell loaded"]
[2962][1585587053515][main][info]["Main~AppEvents - Received booted event for process shared"]
[2962][1585587057489][main][info]["Main~AppEvents - Received booted event for process requester"]
[2962][1585587064271][main][info]["Quitting app"]
[5396][1779402132601][main][info]["Booting Postman 11.71.7, linux-5.4.0-37-generic on x64"]
[5396][1779402132604][main][info]["EventBus~initialize - Success"]
[5396][1779402132627][main][info]["Proxy configuration has not been setup"]
[5396][1779402132633][main][info]["CloudProxyManager~init - Success"]
[5396][1779402132781][main][info]["performShellDataMigration: Starting shell data migration"]
[5396][1779402132781][main][info]["migrateShellData:Starting"]
[5396][1779402132786][main][info]["migrateShellData: Old storage cleaned up"]
[5396][1779402135146][main][info]["migrateShellData: Got data from shell. Writing to storage"]
[5396][1779402135152][main][info]["performShellDataMigration: Migration successful on try count 1"]
[5396][1779402135162][main][info]["UpdateHandler~init - Success"]
[5396][1779402135191][main][info]["LeaderSelection: Initialized successfully"]
[5396][1779402135223][main][info]["GPU detected VID 0 DID 0 ACTIVE false"]
[5396][1779402135226][main][info]["main.js: Agent started"]
[5396][1779402135228][main][info]["shellController~init: Success"]
[5396][1779402135228][main][info]["shellMeta~init: Success"]
[5396][1779402135229][main][info]["partitionMigrationService: State of V7 partition:"]
[5396][1779402135229][main][info]["partitionMigrationService: V7 partitions",[]]
[5396][1779402135230][main][info]["partitionMigrationService~rectifyNamespaceOfScratchPadPartition: There is no partition with scratchpad namespace"]
[5396][1779402135230][main][info]["partitionMigrationService~rectifyNamespaceOfScratchPadPartition: There is no transit partition which could have been used for scratchpad"]
[5396][1779402135230][main][info]["partitionMigrationService~init: Success"]
[5396][1779402135230][main][info]["partitionMigrationService~runV8PartitionsIntegrity: Two way migration~ removing the following partitions from v8",[]]
[5396][1779402135231][main][info]["userPartitionService~_rectifyTheActivePartitionOfApplication: Setting the active partition to ",null]
[5396][1779402135243][main][info]["LinuxAutoUpdater~Cleanup - Initial cleanup successful"]
[5396][1779402135247][main][info]["newAccountRegionPreferenceService~getPreferenceWithFallback - Preference not found in storage."]
[5396][1779402135247][main][info]["newAccountRegionPreferenceService~getToggleMenuTemplate - Using preference:","useUSRegion"]
[5396][1779402135259][main][info]["partitionMigrationService~migrateSignedOutPartitionAsScratchpad: Migrating v7 logged out state partition as scratchpad on v8 partition system",{"partitionId":"default"}]
[5396][1779402135272][main][info]["userPartitionService~init: Success"]
[5396][1779402135297][main][info]["userPartitionService: State of v8 partition system:"]
[5396][1779402135297][main][info]["shell~init~getPartitionToLoad: loading scratchpad partition"]
[5396][1779402135297][main][info]["userPartitionService: List of partitions:",[{"partitionId":"default","namespace":"scratchPad","userId":0,"teamId":0}]]
[5396][1779402135298][main][info]["userPartitionService: users global meta:",{}]
[5396][1779402135298][main][info]["Main:windowManager~newRequesterWindow: Fetch and update runtime config: undefined"]
[5396][1779402139874][main][info]["RuntimeIPCAgent~started: Success"]
[5396][1779402139924][main][info]["Main~scratchpadThemeAction:: action: set, value: light"]
[5396][1779402139986][main][info]["INTERCEPTOR CONNECTIVITY: Connecting to Interceptor Bridge"]
[5396][1779402139997][main][info]["windowManager: First requester booted successfully."]
[5396][1779402139997][main][info]["windowManager~restoreWindows: Restoring requester windows"]
[5396][1779402139999][main][info]["WebVersionService: Initialized successfully with version: undefined"]
[5396][1779402139999][main][info]["Main~AppEvents - Received booted event for process requester.Version undefined UI Version: undefined Desktop Platform Version: 11.71.7"]
[5396][1779402153827][main][info]["Main~reloadBrowserWindow: Loading page: file:///snap/postman/360/usr/share/postman/resources/app/html/scratchpad.html?browserWindowId=2&logPath=/home/devasc/snap/postman/360/.config/Postman/logs&sessionId=5396&startTime=1779402135320&preloadFile=/snap/postman/360/usr/share/postman/resources/app/preload_desktop.js&scratchpadPartitionId=default&isFirstRequester=true"]
[5396][1779402153828][main][info]["Main~reload :: Reloading last saved user session."]
[5396][1779402155078][main][info]["Main~scratchpadThemeAction:: action: set, value: light"]
[5396][1779402155103][main][info]["WebVersionService: Initialized successfully with version: undefined"]
[5396][1779402155103][main][info]["Main~AppEvents - Received booted event for process requester.Version undefined UI Version: undefined Desktop Platform Version: 11.71.7"]
[5396][1779402197840][main][info]["Main - model-events~user - (users, add) received"]
[5396][1779402197911][main][info]["WebVersionService: Resetting UI version as user logged out/switched account"]
[5396][1779402197912][main][info]["WebVersionService: Resetting web app version"]
[5396][1779402197912][main][info]["WebVersionService: Resetting UI version as user logged out/switched account"]
[5396][1779402197912][main][info]["WebVersionService: Resetting web app version"]
[5396][1779402198521][main][info]["AuthHandler~open: Received dom-ready event."]
[5396][1779402198524][main][info]["AuthHandler~open: Received did-finish-load event."]
[5396][1779402198778][main][warn]["AuthHandler~open: Current app is not default protocol client - Falling back to polling mechanism."]
[5396][1779402198781][main][info]["newAccountRegionPreferenceService~getPreferenceWithFallback - Preference not found in storage."]
[5396][1779402198781][main][info]["newAccountRegionPreferenceService~getRegionPreference - Using preference:","useUSRegion"]
[5396][1779402198781][main][info]["AuthHandler~open: new Account region preference:","us"]
[5396][1779402198781][main][info]["AuthHandler~open: get multiLoginToken token."]
[5396][1779402198782][main][info]["AuthHandler~open: Publishing initialize event to auth-window channel."]
[5396][1779402297800][main][info]["Shell~init~loginUser: associating the user ","55095949"," with transit partition"]
[5396][1779402297800][main][info]["userPartitionService~getNewPartitionId: creating a partition with userId and teamId as 0"]
[5396][1779402297830][main][info]["userPartitionService~associateTransitPartition: ",{"partitionId":"14aae7f0-a492-4d83-8125-7e4f60a59b9c","context":{"namespace":"users","userId":"55095949","teamId":"16060899","region":"us"}}]
[5396][1779402297871][main][info]["userPartitionService: State of v8 partition system:"]
[5396][1779402297872][main][info]["userPartitionService: List of partitions:",[{"partitionId":"14aae7f0-a492-4d83-8125-7e4f60a59b9c","namespace":"users","userId":"55095949","teamId":"16060899","lastUpdated":"2026-05-21T22:24:57.830Z"},{"partitionId":"default","namespace":"scratchPad","userId":0,"teamId":0}]]
[5396][1779402297872][main][info]["userPartitionService: users global meta:",{}]
[5396][1779402297898][main][info]["Main:windowManager~newRequesterWindow: found partition: 14aae7f0-a492-4d83-8125-7e4f60a59b9c for user: 55095949 on us"]
[5396][1779402297898][main][info]["Main:windowManager~newRequesterWindow: Fetch and update runtime config: us"]
[5396][1779402297983][main][info]["getDesktopReleaseVersionAsQueryParams: webVersion: "]
[5396][1779402302164][main][info]["Main~getRemoteInitPath:: "]
[5396][1779402302345][main][info]["Main - model-events~user - (user, updated) received"]
[5396][1779402302347][main][info]["Main~reload: https://desktop.postman.com/?desktopVersion=11.71.7&userId=55095949&teamId=16060899&region=us"]
[5396][1779402302868][main][info]["windowManager: First requester booted successfully."]
[5396][1779402302869][main][info]["windowManager~restoreWindows: Restoring requester windows"]
[5396][1779402302869][main][info]["WebVersionService: Initialized successfully with version: 11.72.3-ui-251118-0501"]
[5396][1779402302869][main][info]["Main~AppEvents - Received booted event for process requester.Version 11.72.3 UI Version: 11.72.3-ui-251118-0501 Desktop Platform Version: 11.71.7"]
[5396][1779402303053][main][info]["Main~getRemoteInitPath:: "]
[5396][1779402305015][main][info]["Main~getRemoteInitPath:: "]
[5396][1779402305044][main][info]["Main - model-events~user - (user, bootstrapUser) received"]
[5396][1779402305045][main][info]["model-events~user - bootstrapUser received"]
[5396][1779402305197][main][info]["Main - model-events~user - (user, updated) received"]
[5396][1779402305201][main][info]["Main - model-events~user - (user, bootstrapUser) received"]
[5396][1779402305201][main][info]["model-events~user - bootstrapUser received"]
[5396][1779402305516][main][info]["Main - model-events~user - (user, updated) received"]
[5396][1779402305561][main][info]["Main - model-events~user - (user, bootstrappedUser) received"]
[5396][1779402306014][main][info]["WebVersionService: Initialized successfully with version: 11.72.3-ui-251118-0501"]
[5396][1779402306014][main][info]["Main~AppEvents - Received booted event for process requester.Version 11.72.3 UI Version: 11.72.3-ui-251118-0501 Desktop Platform Version: 11.71.7"]
[5396][1779402306132][main][info]["Main~getRemoteInitPath:: "]
[5396][1779402306671][main][info]["INTERCEPTOR CONNECTIVITY: Attempting to start websocket server on port 15611"]
[5396][1779402306827][main][info]["Main - model-events~user - (user, updated) received"]
[5396][1779402307466][main][info]["Main~getPlatformLaunchPerfMetrics"]
[5396][1779402307475][main][info]["Main - model-events~user - (user, bootstrappedUser) received"]
[5396][1779402353798][main][info]["MenuManager~FlexibleUI - Updating menu for flexible layout: false"]
[5396][1779402353802][main][info]["GPU detected VID 0 DID 0 ACTIVE false"]
[5396][1779402353808][main][info]["newAccountRegionPreferenceService~getPreferenceWithFallback - Preference not found in storage."]
[5396][1779402353809][main][info]["newAccountRegionPreferenceService~getToggleMenuTemplate - Using preference:","useUSRegion"]
[5396][1779402353841][main][info]["MenuManager~updateViewMenuForFlexibleLayout: Menu updated with flexible layout disabled"]
[5396][1779402358694][main][info]["Agent.worker: Agent process started"]
[5396][1779402358712][main][info]["Initializing provider:","fs"]
[5396][1779402358713][main][info]["Agent.worker: Provider initialized","fs"]
[5396][1779402358714][main][info]["Initializing provider:","runtime"]
[5396][1779402358715][main][info]["Initializing provider:","cloudFiles"]
[5396][1779402358716][main][info]["Agent.worker: Provider initialized","cloudFiles"]
[5396][1779402359232][main][info]["Agent.worker: Provider initialized","runtime"]
[5396][1779402359316][main][error]["Error while retrieving user key from keychain",{"name":"Error","message":"An AppArmor policy prevents this sender from sending this message to this recipient; type=\"method_call\", sender=\":1.72\" (uid=900 pid=5396 comm=\"/snap/postman/360/usr/share/postman/postman --no-s\" label=\"snap.postman.postman (enforce)\") interface=\"org.freedesktop.Secret.Service\" member=\"OpenSession\" error name=\"(unset)\" requested_reply=\"0\" destination=\":1.14\" (uid=900 pid=2096 comm=\"gnome-keyring-daemon --start \" label=\"unconfined\")","stack":"Error: An AppArmor policy prevents this sender from sending this message to this recipient; type=\"method_call\", sender=\":1.72\" (uid=900 pid=5396 comm=\"/snap/postman/360/usr/share/postman/postman --no-s\" label=\"snap.postman.postman (enforce)\") interface=\"org.freedesktop.Secret.Service\" member=\"OpenSession\" error name=\"(unset)\" requested_reply=\"0\" destination=\":1.14\" (uid=900 pid=2096 comm=\"gnome-keyring-daemon --start \" label=\"unconfined\")\n    at /snap/postman/360/usr/share/postman/resources/app/vendors-node_modules_postman_runtime_runtime-rpc_dist_index_js-9a3dcf6a27aa9af6.min.js:1:12993\n    at _unpackers.<computed> (/snap/postman/360/usr/share/postman/resources/app/vendors-node_modules_postman_runtime_runtime-rpc_dist_index_js-9a3dcf6a27aa9af6.min.js:1:19595)\n    at ext (/snap/postman/360/usr/share/postman/resources/app/vendors-node_modules_postman_runtime_runtime-rpc_dist_index_js-9a3dcf6a27aa9af6.min.js:1:29994)\n    at e.exports (/snap/postman/360/usr/share/postman/resources/app/vendors-node_modules_postman_runtime_runtime-rpc_dist_index_js-9a3dcf6a27aa9af6.min.js:1:22371)\n    at array (/snap/postman/360/usr/share/postman/resources/app/vendors-node_modules_postman_runtime_runtime-rpc_dist_index_js-9a3dcf6a27aa9af6.min.js:1:29511)\n    at e.exports (/snap/postman/360/usr/share/postman/resources/app/vendors-node_modules_postman_runtime_runtime-rpc_dist_index_js-9a3dcf6a27aa9af6.min.js:1:21857)\n    at map (/snap/postman/360/usr/share/postman/resources/app/vendors-node_modules_postman_runtime_runtime-rpc_dist_index_js-9a3dcf6a27aa9af6.min.js:1:29440)\n    at e.exports (/snap/postman/360/usr/share/postman/resources/app/vendors-node_modules_postman_runtime_runtime-rpc_dist_index_js-9a3dcf6a27aa9af6.min.js:1:21695)\n    at map (/snap/postman/360/usr/share/postman/resources/app/vendors-node_modules_postman_runtime_runtime-rpc_dist_index_js-9a3dcf6a27aa9af6.min.js:1:29440)\n    at e.exports (/snap/postman/360/usr/share/postman/resources/app/vendors-node_modules_postman_runtime_runtime-rpc_dist_index_js-9a3dcf6a27aa9af6.min.js:1:21695)\n    at t.decode (/snap/postman/360/usr/share/postman/resources/app/vendors-node_modules_postman_runtime_runtime-rpc_dist_index_js-9a3dcf6a27aa9af6.min.js:1:27113)\n    at Object.decode (/snap/postman/360/usr/share/postman/resources/app/vendors-node_modules_postman_runtime_runtime-rpc_dist_index_js-9a3dcf6a27aa9af6.min.js:1:13076)\n    at t.default (/snap/postman/360/usr/share/postman/resources/app/vendors-node_modules_postman_runtime_runtime-rpc_dist_index_js-9a3dcf6a27aa9af6.min.js:1:13434)\n    at Object.receive (/snap/postman/360/usr/share/postman/resources/app/vendors-node_modules_postman_runtime_runtime-rpc_dist_index_js-9a3dcf6a27aa9af6.min.js:1:5818)\n    at /snap/postman/360/usr/share/postman/resources/app/Agent-dd8f22cb482af9dd.min.js:1:2831\n    at Worker.<anonymous> (/snap/postman/360/usr/share/postman/resources/app/Agent-dd8f22cb482af9dd.min.js:1:4182)"}]
[2962][1782283882984][main][info]["Booting Postman 11.71.7, linux-5.4.0-37-generic on x64"]
[2962][1782283882988][main][info]["EventBus~initialize - Success"]
[2962][1782283882999][main][info]["Proxy configuration has not been setup"]
[2962][1782283883001][main][info]["CloudProxyManager~init - Success"]
[2962][1782283883230][main][info]["performShellDataMigration: Migration has already been done. Bailing out"]
[2962][1782283883240][main][info]["UpdateHandler~init - Success"]
[2962][1782283883288][main][info]["LeaderSelection: Initialized successfully"]
[2962][1782283883334][main][info]["GPU detected VID 0 DID 0 ACTIVE false"]
[2962][1782283883340][main][info]["main.js: Agent started"]
[2962][1782283883341][main][info]["shellController~init: Success"]
[2962][1782283883341][main][info]["shellMeta~init: Success"]
[2962][1782283883342][main][info]["partitionMigrationService: State of V7 partition:"]
[2962][1782283883342][main][info]["partitionMigrationService: V7 partitions",[]]
[2962][1782283883342][main][info]["partitionMigrationService~rectifyNamespaceOfScratchPadPartition: There is no partition with scratchpad namespace"]
[2962][1782283883343][main][info]["partitionMigrationService~rectifyNamespaceOfScratchPadPartition: There is no transit partition which could have been used for scratchpad"]
[2962][1782283883343][main][info]["partitionMigrationService~init: Success"]
[2962][1782283883344][main][info]["partitionMigrationService~runV8PartitionsIntegrity: Two way migration~ removing the following partitions from v8",[]]
[2962][1782283883345][main][info]["userPartitionService~getRecentV8UserPartition: recent v8 user context partition ","14aae7f0-a492-4d83-8125-7e4f60a59b9c"]
[2962][1782283883346][main][info]["userPartitionService~_rectifyTheActivePartitionOfApplication: Setting the active partition to ","14aae7f0-a492-4d83-8125-7e4f60a59b9c"]
[2962][1782283883389][main][info]["LinuxAutoUpdater~Cleanup - Initial cleanup successful"]
[2962][1782283883393][main][info]["newAccountRegionPreferenceService~getPreferenceWithFallback - Preference not found in storage."]
[2962][1782283883393][main][info]["newAccountRegionPreferenceService~getToggleMenuTemplate - Using preference:","useUSRegion"]
[2962][1782283883419][main][info]["userPartitionService~init: Success"]
[2962][1782283883475][main][info]["userPartitionService: State of v8 partition system:"]
[2962][1782283883476][main][info]["shell~init~getPartitionToLoad: loading active partition"]
[2962][1782283883477][main][info]["userPartitionService: List of partitions:",[{"partitionId":"14aae7f0-a492-4d83-8125-7e4f60a59b9c","namespace":"users","userId":"55095949","teamId":"16060899","lastUpdated":"2026-05-21T22:24:57.879Z"},{"partitionId":"default","namespace":"scratchPad","userId":0,"teamId":0}]]
[2962][1782283883479][main][info]["userPartitionService: users global meta:",{}]
[2962][1782283883479][main][info]["Main:windowManager~newRequesterWindow: Fetch and update runtime config: us"]
[2962][1782283884464][main][info]["getDesktopReleaseVersionAsQueryParams: webVersion: "]
[2962][1782283891056][main][info]["Main~getRemoteInitPath:: "]
[2962][1782283891159][main][info]["Main - model-events~user - (user, bootstrapUser) received"]
[2962][1782283891160][main][info]["model-events~user - bootstrapUser received"]
[2962][1782283891223][main][info]["INTERCEPTOR CONNECTIVITY: Connecting to Interceptor Bridge"]
[2962][1782283891256][main][info]["windowManager: First requester booted successfully."]
[2962][1782283891257][main][info]["windowManager~restoreWindows: Restoring requester windows"]
[2962][1782283891258][main][info]["WebVersionService: Initialized successfully with version: 11.72.3-ui-251118-0501"]
[2962][1782283891258][main][info]["Main~AppEvents - Received booted event for process requester.Version 11.72.3 UI Version: 11.72.3-ui-251118-0501 Desktop Platform Version: 11.71.7"]
[2962][1782283891490][main][info]["Main~getRemoteInitPath:: "]
[2962][1782283892411][main][info]["INTERCEPTOR CONNECTIVITY: Attempting to start websocket server on port 15611"]
[2962][1782283892940][main][info]["MenuManager~FlexibleUI - Updating menu for flexible layout: false"]
[2962][1782283892944][main][info]["GPU detected VID 0 DID 0 ACTIVE false"]
[2962][1782283892948][main][info]["newAccountRegionPreferenceService~getPreferenceWithFallback - Preference not found in storage."]
[2962][1782283892948][main][info]["newAccountRegionPreferenceService~getToggleMenuTemplate - Using preference:","useUSRegion"]
[2962][1782283892957][main][info]["MenuManager~updateViewMenuForFlexibleLayout: Menu updated with flexible layout disabled"]
[2962][1782283894427][main][info]["Main~getPlatformLaunchPerfMetrics"]
[2962][1782283901989][main][info]["Main - model-events~user - (authentication, reauthenticate) received"]
[2962][1782283902633][main][info]["AuthHandler~open: Received dom-ready event."]
[2962][1782283902649][main][info]["AuthHandler~open: Received did-finish-load event."]
[2962][1782283902927][main][warn]["AuthHandler~open: Current app is not default protocol client - Falling back to polling mechanism."]
[2962][1782283902929][main][info]["newAccountRegionPreferenceService~getPreferenceWithFallback - Preference not found in storage."]
[2962][1782283902929][main][info]["newAccountRegionPreferenceService~getRegionPreference - Using preference:","useUSRegion"]
[2962][1782283902930][main][info]["AuthHandler~open: new Account region preference:","us"]
[2962][1782283902930][main][info]["AuthHandler~open: get multiLoginToken token."]
[2962][1782283902931][main][info]["AuthHandler~open: Publishing initialize event to auth-window channel."]
[2962][1782283980661][main][info]["Shell~init~loginUser: Updating existing user details"]
[2962][1782283980662][main][info]["userPartitionService~associateTransitPartition: ",{"partitionId":"14aae7f0-a492-4d83-8125-7e4f60a59b9c","context":{"namespace":"users","userId":"55095949","teamId":"16060899","region":"us"}}]
[2962][1782283980701][main][info]["userPartitionService: State of v8 partition system:"]
[2962][1782283980703][main][info]["userPartitionService: List of partitions:",[{"partitionId":"14aae7f0-a492-4d83-8125-7e4f60a59b9c","namespace":"users","userId":"55095949","teamId":"16060899","lastUpdated":"2026-06-24T06:53:00.662Z"},{"partitionId":"default","namespace":"scratchPad","userId":0,"teamId":0}]]
[2962][1782283980703][main][info]["userPartitionService: users global meta:",{}]
[2962][1782283980741][main][info]["Main:windowManager~newRequesterWindow: found partition: 14aae7f0-a492-4d83-8125-7e4f60a59b9c for user: 55095949 on us"]
[2962][1782283980742][main][info]["Main:windowManager~newRequesterWindow: Fetch and update runtime config: us"]
[2962][1782283980825][main][info]["getDesktopReleaseVersionAsQueryParams: webVersion: 11.72.3-ui-251118-0501"]
[2962][1782283982753][main][info]["Main~getRemoteInitPath:: "]
[2962][1782283982828][main][info]["Main - model-events~user - (user, bootstrapUser) received"]
[2962][1782283982829][main][info]["model-events~user - bootstrapUser received"]
[2962][1782283982918][main][info]["windowManager: First requester booted successfully."]
[2962][1782283982918][main][info]["windowManager~restoreWindows: Restoring requester windows"]
[2962][1782283982918][main][info]["WebVersionService: Initialized successfully with version: 11.72.3-ui-251118-0501"]
[2962][1782283982918][main][info]["Main~AppEvents - Received booted event for process requester.Version 11.72.3 UI Version: 11.72.3-ui-251118-0501 Desktop Platform Version: 11.71.7"]
[2962][1782283983075][main][info]["Main~getRemoteInitPath:: "]
[2962][1782283983897][main][info]["MenuManager~FlexibleUI - Updating menu for flexible layout: false"]
[2962][1782283983900][main][info]["GPU detected VID 0 DID 0 ACTIVE false"]
[2962][1782283983907][main][info]["newAccountRegionPreferenceService~getPreferenceWithFallback - Preference not found in storage."]
[2962][1782283983908][main][info]["newAccountRegionPreferenceService~getToggleMenuTemplate - Using preference:","useUSRegion"]
[2962][1782283983927][main][info]["MenuManager~updateViewMenuForFlexibleLayout: Menu updated with flexible layout disabled"]
[2962][1782283985297][main][info]["Main - model-events~user - (user, updated) received"]
[2962][1782283985300][main][info]["Main~reload: https://desktop.postman.com/?desktopVersion=11.71.7&webVersion=11.72.3-ui-251118-0501&userId=55095949&teamId=16060899&region=us"]
[2962][1782283986273][main][info]["Main~getRemoteInitPath:: "]
[2962][1782283986321][main][info]["Main - model-events~user - (user, bootstrapUser) received"]
[2962][1782283986321][main][info]["model-events~user - bootstrapUser received"]
[2962][1782283986390][main][info]["WebVersionService: Initialized successfully with version: 11.72.3-ui-251118-0501"]
[2962][1782283986390][main][info]["Main~AppEvents - Received booted event for process requester.Version 11.72.3 UI Version: 11.72.3-ui-251118-0501 Desktop Platform Version: 11.71.7"]
[2962][1782283986531][main][info]["Main~getRemoteInitPath:: "]
[2962][1782283987153][main][info]["MenuManager~FlexibleUI - Updating menu for flexible layout: false"]
[2962][1782283987156][main][info]["GPU detected VID 0 DID 0 ACTIVE false"]
[2962][1782283987160][main][info]["newAccountRegionPreferenceService~getPreferenceWithFallback - Preference not found in storage."]
[2962][1782283987160][main][info]["newAccountRegionPreferenceService~getToggleMenuTemplate - Using preference:","useUSRegion"]
[2962][1782283987171][main][info]["MenuManager~updateViewMenuForFlexibleLayout: Menu updated with flexible layout disabled"]
[2962][1782283989238][main][info]["Main - model-events~user - (user, updated) received"]
[2962][1782283989241][main][info]["Main - model-events~user - (user, bootstrapUser) received"]
[2962][1782283989241][main][info]["model-events~user - bootstrapUser received"]
[2962][1782283989493][main][info]["Main - model-events~user - (user, updated) received"]
[2962][1782283990237][main][info]["Main - model-events~user - (user, bootstrappedUser) received"]
[2962][1782283990296][main][info]["Main - model-events~user - (user, updated) received"]
[2962][1782283990414][main][info]["Main~getPlatformLaunchPerfMetrics"]
[2962][1782283990521][main][info]["Main - model-events~user - (user, bootstrappedUser) received"]
[2962][1782283996127][main][info]["RuntimeIPCAgent~started: Success"]
[2962][1782283996156][main][info]["Agent.worker: Agent process started"]
[2962][1782283996326][main][info]["Initializing provider:","runtime"]
[2962][1782283996327][main][info]["Initializing provider:","cloudFiles"]
[2962][1782283996330][main][info]["Agent.worker: Provider initialized","cloudFiles"]
[2962][1782283996980][main][info]["Agent.worker: Provider initialized","runtime"]
[2962][1782283996981][main][info]["Initializing provider:","fs"]
[2962][1782283996982][main][info]["Agent.worker: Provider initialized","fs"]
[2962][1782283997063][main][error]["Error while retrieving user key from keychain",{"name":"Error","message":"An AppArmor policy prevents this sender from sending this message to this recipient; type=\"method_call\", sender=\":1.54\" (uid=900 pid=2962 comm=\"/snap/postman/360/usr/share/postman/postman --no-s\" label=\"snap.postman.postman (enforce)\") interface=\"org.freedesktop.Secret.Service\" member=\"OpenSession\" error name=\"(unset)\" requested_reply=\"0\" destination=\":1.14\" (uid=900 pid=2141 comm=\"gnome-keyring-daemon --start \" label=\"unconfined\")","stack":"Error: An AppArmor policy prevents this sender from sending this message to this recipient; type=\"method_call\", sender=\":1.54\" (uid=900 pid=2962 comm=\"/snap/postman/360/usr/share/postman/postman --no-s\" label=\"snap.postman.postman (enforce)\") interface=\"org.freedesktop.Secret.Service\" member=\"OpenSession\" error name=\"(unset)\" requested_reply=\"0\" destination=\":1.14\" (uid=900 pid=2141 comm=\"gnome-keyring-daemon --start \" label=\"unconfined\")\n    at /snap/postman/360/usr/share/postman/resources/app/vendors-node_modules_postman_runtime_runtime-rpc_dist_index_js-9a3dcf6a27aa9af6.min.js:1:12993\n    at _unpackers.<computed> (/snap/postman/360/usr/share/postman/resources/app/vendors-node_modules_postman_runtime_runtime-rpc_dist_index_js-9a3dcf6a27aa9af6.min.js:1:19595)\n    at ext (/snap/postman/360/usr/share/postman/resources/app/vendors-node_modules_postman_runtime_runtime-rpc_dist_index_js-9a3dcf6a27aa9af6.min.js:1:29994)\n    at e.exports (/snap/postman/360/usr/share/postman/resources/app/vendors-node_modules_postman_runtime_runtime-rpc_dist_index_js-9a3dcf6a27aa9af6.min.js:1:22371)\n    at array (/snap/postman/360/usr/share/postman/resources/app/vendors-node_modules_postman_runtime_runtime-rpc_dist_index_js-9a3dcf6a27aa9af6.min.js:1:29511)\n    at e.exports (/snap/postman/360/usr/share/postman/resources/app/vendors-node_modules_postman_runtime_runtime-rpc_dist_index_js-9a3dcf6a27aa9af6.min.js:1:21857)\n    at map (/snap/postman/360/usr/share/postman/resources/app/vendors-node_modules_postman_runtime_runtime-rpc_dist_index_js-9a3dcf6a27aa9af6.min.js:1:29440)\n    at e.exports (/snap/postman/360/usr/share/postman/resources/app/vendors-node_modules_postman_runtime_runtime-rpc_dist_index_js-9a3dcf6a27aa9af6.min.js:1:21695)\n    at map (/snap/postman/360/usr/share/postman/resources/app/vendors-node_modules_postman_runtime_runtime-rpc_dist_index_js-9a3dcf6a27aa9af6.min.js:1:29440)\n    at e.exports (/snap/postman/360/usr/share/postman/resources/app/vendors-node_modules_postman_runtime_runtime-rpc_dist_index_js-9a3dcf6a27aa9af6.min.js:1:21695)\n    at t.decode (/snap/postman/360/usr/share/postman/resources/app/vendors-node_modules_postman_runtime_runtime-rpc_dist_index_js-9a3dcf6a27aa9af6.min.js:1:27113)\n    at Object.decode (/snap/postman/360/usr/share/postman/resources/app/vendors-node_modules_postman_runtime_runtime-rpc_dist_index_js-9a3dcf6a27aa9af6.min.js:1:13076)\n    at t.default (/snap/postman/360/usr/share/postman/resources/app/vendors-node_modules_postman_runtime_runtime-rpc_dist_index_js-9a3dcf6a27aa9af6.min.js:1:13434)\n    at Object.receive (/snap/postman/360/usr/share/postman/resources/app/vendors-node_modules_postman_runtime_runtime-rpc_dist_index_js-9a3dcf6a27aa9af6.min.js:1:5818)\n    at /snap/postman/360/usr/share/postman/resources/app/Agent-dd8f22cb482af9dd.min.js:1:2831\n    at Worker.<anonymous> (/snap/postman/360/usr/share/postman/resources/app/Agent-dd8f22cb482af9dd.min.js:1:4182)"}]
