2026-06-10 01:25:18.012 [info] Extension host with pid 3181 started
2026-06-10 01:25:18.107 [info] ExtensionService#_doActivateExtension vscode.github-authentication, startup: false, activationEvent: 'onAuthenticationRequest:github'
2026-06-10 01:25:18.216 [info] ExtensionService#_doActivateExtension vscode.emmet, startup: false, activationEvent: 'onLanguage'
2026-06-10 01:25:18.276 [info] ExtensionService#_doActivateExtension ms-python.python, startup: false, activationEvent: 'onLanguage:python'
2026-06-10 01:25:19.363 [info] ExtensionService#_doActivateExtension vscode.git-base, startup: true, activationEvent: '*', root cause: vscode.git
2026-06-10 01:25:19.384 [info] ExtensionService#_doActivateExtension vscode.git, startup: true, activationEvent: '*'
2026-06-10 01:25:19.469 [info] ExtensionService#_doActivateExtension vscode.github, startup: true, activationEvent: '*'
2026-06-10 01:25:19.658 [info] Eager extensions activated
2026-06-10 01:25:20.309 [error] Error: The number of constructor arguments in the derived class o must be >= than the number of constructor arguments of its base class.
	at /home/devasc/.vscode/extensions/ms-python.python-2020.6.88468/out/client/extension.js:39:261081
	at Array.forEach (<anonymous>)
	at e (/home/devasc/.vscode/extensions/ms-python.python-2020.6.88468/out/client/extension.js:39:260644)
	at /home/devasc/.vscode/extensions/ms-python.python-2020.6.88468/out/client/extension.js:39:261118
	at Array.forEach (<anonymous>)
	at /home/devasc/.vscode/extensions/ms-python.python-2020.6.88468/out/client/extension.js:39:261097
	at Array.forEach (<anonymous>)
	at e (/home/devasc/.vscode/extensions/ms-python.python-2020.6.88468/out/client/extension.js:39:260644)
	at /home/devasc/.vscode/extensions/ms-python.python-2020.6.88468/out/client/extension.js:39:261118
	at Array.forEach (<anonymous>)
	at /home/devasc/.vscode/extensions/ms-python.python-2020.6.88468/out/client/extension.js:39:261097
	at Array.forEach (<anonymous>)
	at e (/home/devasc/.vscode/extensions/ms-python.python-2020.6.88468/out/client/extension.js:39:260644)
	at /home/devasc/.vscode/extensions/ms-python.python-2020.6.88468/out/client/extension.js:39:261118
	at Array.forEach (<anonymous>)
	at /home/devasc/.vscode/extensions/ms-python.python-2020.6.88468/out/client/extension.js:39:261097
	at Array.forEach (<anonymous>)
	at e (/home/devasc/.vscode/extensions/ms-python.python-2020.6.88468/out/client/extension.js:39:260644)
	at /home/devasc/.vscode/extensions/ms-python.python-2020.6.88468/out/client/extension.js:39:261118
	at Array.forEach (<anonymous>)
	at /home/devasc/.vscode/extensions/ms-python.python-2020.6.88468/out/client/extension.js:39:261097
	at Array.forEach (<anonymous>)
	at e (/home/devasc/.vscode/extensions/ms-python.python-2020.6.88468/out/client/extension.js:39:260644)
	at t.plan (/home/devasc/.vscode/extensions/ms-python.python-2020.6.88468/out/client/extension.js:39:261159)
	at /home/devasc/.vscode/extensions/ms-python.python-2020.6.88468/out/client/extension.js:39:257812
	at e._get (/home/devasc/.vscode/extensions/ms-python.python-2020.6.88468/out/client/extension.js:39:257721)
	at e.get (/home/devasc/.vscode/extensions/ms-python.python-2020.6.88468/out/client/extension.js:39:256432)
	at a.get (/home/devasc/.vscode/extensions/ms-python.python-2020.6.88468/out/client/extension.js:48:999865)
	at /home/devasc/.vscode/extensions/ms-python.python-2020.6.88468/out/client/extension.js:39:280985
2026-06-10 01:27:26.828 [info] ExtensionService#_doActivateExtension vscode.debug-auto-launch, startup: false, activationEvent: 'onStartupFinished'
2026-06-10 01:27:26.836 [info] ExtensionService#_doActivateExtension vscode.merge-conflict, startup: false, activationEvent: 'onStartupFinished'
2026-06-10 01:27:27.910 [info] Extension host terminating: received terminate message from renderer
2026-06-10 01:27:27.927 [info] Extension host with pid 3181 exiting with code 0
