2026-05-21 18:30:48.755 [info] Started local extension host with pid 3214.
2026-05-21 18:30:51.214 [info] [AccountPolicyGate] apply: state=inactive, reason=undefined, isRestricted=false
2026-05-21 18:32:09.971 [info] [AccountPolicyGate] apply: state=inactive, reason=undefined, isRestricted=false
2026-05-21 18:32:11.592 [info] Settings Sync: Account status changed from uninitialized to unavailable
2026-05-21 18:32:13.065 [warning] Creation of workbench contribution 'workbench.contrib.dynamicWindowConfiguration' took 149ms.
2026-05-21 18:32:13.524 [info] Auto updating outdated extensions. ms-python.python
2026-05-21 18:32:13.587 [info] [perf] Render performance baseline is 101ms
2026-05-21 18:33:09.551 [error] [Extension Host] (node:3214) [DEP0040] DeprecationWarning: The `punycode` module is deprecated. Please use a userland alternative instead.
(Use `exe --trace-deprecation ...` to show where the warning was created)
2026-05-21 18:33:10.667 [error] [Extension Host] Unable to log remote console arguments Output omitted for a large object that exceeds the limits
2026-05-21 18:33:10.667 [error] [Extension Host] Error Python Extension: 2026-05-21 18:33:10: Effort to download experiments within timeout failed with error [Error: Failed with status 404, Not Found, Uri https://raw.githubusercontent.com/microsoft/vscode-python/master/experiments.json
	at H._callback (/home/devasc/.vscode/extensions/ms-python.python-2020.6.88468/out/client/extension.js:46:708571)
	at a._callback.a.callback.a.callback (/home/devasc/.vscode/extensions/ms-python.python-2020.6.88468/out/client/node_modules/request.js:195:5441)
	at H.emit (node:events:519:28)
	at H.<anonymous> (/home/devasc/.vscode/extensions/ms-python.python-2020.6.88468/out/client/node_modules/request.js:195:18301)
	at H.emit (node:events:519:28)
	at IncomingMessage.<anonymous> (/home/devasc/.vscode/extensions/ms-python.python-2020.6.88468/out/client/node_modules/request.js:195:17133)
	at Object.onceWrapper (node:events:633:28)
	at IncomingMessage.emit (node:events:531:35)
	at endReadableNT (node:internal/streams/readable:1698:12)
	at process.processTicksAndRejections (node:internal/process/task_queues:89:21)]
2026-05-21 18:33:10.816 [error] [Extension Host] Error Python Extension: 2026-05-21 18:33:10: Failure during activation. [Error: The number of constructor arguments in the derived class o must be >= than the number of constructor arguments of its base class.
	at /home/devasc/.vscode/extensions/ms-python.python-2020.6.88468/out/client/extension.js:39:261081
	at Array.forEach (<anonymous>)
	at e (/home/devasc/.vscode/extensions/ms-python.python-2020.6.88468/out/client/extension.js:39:260644)
	at /home/devasc/.vscode/extensions/ms-python.python-2020.6.88468/out/client/extension.js:39:261118
	at Array.forEach (<anonymous>)
	at /home/devasc/.vscode/extensions/ms-python.python-2020.6.88468/out/client/extension.js:39:261097
	at Array.forEach (<anonymous>)
	at e (/home/devasc/.vscode/extensions/ms-python.python-2020.6.88468/out/client/extension.js:39:260644)
	at /home/devasc/.vscode/extensions/ms-python.python-2020.6.88468/out/client/extension.js:39:261118
	at Array.forEach (<anonymous>)
	at /home/devasc/.vscode/extensions/ms-python.python-2020.6.88468/out/client/extension.js:39:261097
	at Array.forEach (<anonymous>)
	at e (/home/devasc/.vscode/extensions/ms-python.python-2020.6.88468/out/client/extension.js:39:260644)
	at /home/devasc/.vscode/extensions/ms-python.python-2020.6.88468/out/client/extension.js:39:261118
	at Array.forEach (<anonymous>)
	at /home/devasc/.vscode/extensions/ms-python.python-2020.6.88468/out/client/extension.js:39:261097
	at Array.forEach (<anonymous>)
	at e (/home/devasc/.vscode/extensions/ms-python.python-2020.6.88468/out/client/extension.js:39:260644)
	at /home/devasc/.vscode/extensions/ms-python.python-2020.6.88468/out/client/extension.js:39:261118
	at Array.forEach (<anonymous>)
	at /home/devasc/.vscode/extensions/ms-python.python-2020.6.88468/out/client/extension.js:39:261097
	at Array.forEach (<anonymous>)
	at e (/home/devasc/.vscode/extensions/ms-python.python-2020.6.88468/out/client/extension.js:39:260644)
	at t.plan (/home/devasc/.vscode/extensions/ms-python.python-2020.6.88468/out/client/extension.js:39:261159)
	at /home/devasc/.vscode/extensions/ms-python.python-2020.6.88468/out/client/extension.js:39:257812
	at e._get (/home/devasc/.vscode/extensions/ms-python.python-2020.6.88468/out/client/extension.js:39:257721)
	at e.get (/home/devasc/.vscode/extensions/ms-python.python-2020.6.88468/out/client/extension.js:39:256432)
	at a.get (/home/devasc/.vscode/extensions/ms-python.python-2020.6.88468/out/client/extension.js:48:999865)
	at /home/devasc/.vscode/extensions/ms-python.python-2020.6.88468/out/client/extension.js:39:280985]
2026-05-21 18:33:10.817 [error] [Extension Host] Error Python Extension: 2026-05-21 18:33:10: sendStartupTelemetry() failed. [Error: The number of constructor arguments in the derived class o must be >= than the number of constructor arguments of its base class.
	at /home/devasc/.vscode/extensions/ms-python.python-2020.6.88468/out/client/extension.js:39:261081
	at Array.forEach (<anonymous>)
	at e (/home/devasc/.vscode/extensions/ms-python.python-2020.6.88468/out/client/extension.js:39:260644)
	at /home/devasc/.vscode/extensions/ms-python.python-2020.6.88468/out/client/extension.js:39:261118
	at Array.forEach (<anonymous>)
	at /home/devasc/.vscode/extensions/ms-python.python-2020.6.88468/out/client/extension.js:39:261097
	at Array.forEach (<anonymous>)
	at e (/home/devasc/.vscode/extensions/ms-python.python-2020.6.88468/out/client/extension.js:39:260644)
	at /home/devasc/.vscode/extensions/ms-python.python-2020.6.88468/out/client/extension.js:39:261118
	at Array.forEach (<anonymous>)
	at /home/devasc/.vscode/extensions/ms-python.python-2020.6.88468/out/client/extension.js:39:261097
	at Array.forEach (<anonymous>)
	at e (/home/devasc/.vscode/extensions/ms-python.python-2020.6.88468/out/client/extension.js:39:260644)
	at /home/devasc/.vscode/extensions/ms-python.python-2020.6.88468/out/client/extension.js:39:261118
	at Array.forEach (<anonymous>)
	at /home/devasc/.vscode/extensions/ms-python.python-2020.6.88468/out/client/extension.js:39:261097
	at Array.forEach (<anonymous>)
	at e (/home/devasc/.vscode/extensions/ms-python.python-2020.6.88468/out/client/extension.js:39:260644)
	at /home/devasc/.vscode/extensions/ms-python.python-2020.6.88468/out/client/extension.js:39:261118
	at Array.forEach (<anonymous>)
	at /home/devasc/.vscode/extensions/ms-python.python-2020.6.88468/out/client/extension.js:39:261097
	at Array.forEach (<anonymous>)
	at e (/home/devasc/.vscode/extensions/ms-python.python-2020.6.88468/out/client/extension.js:39:260644)
	at t.plan (/home/devasc/.vscode/extensions/ms-python.python-2020.6.88468/out/client/extension.js:39:261159)
	at /home/devasc/.vscode/extensions/ms-python.python-2020.6.88468/out/client/extension.js:39:257812
	at e._get (/home/devasc/.vscode/extensions/ms-python.python-2020.6.88468/out/client/extension.js:39:257721)
	at e.get (/home/devasc/.vscode/extensions/ms-python.python-2020.6.88468/out/client/extension.js:39:256432)
	at a.get (/home/devasc/.vscode/extensions/ms-python.python-2020.6.88468/out/client/extension.js:48:999865)
	at /home/devasc/.vscode/extensions/ms-python.python-2020.6.88468/out/client/extension.js:39:280985]
2026-05-21 18:33:10.879 [error] [Extension Host] Error Python Extension: 2026-05-21 18:33:10: Failed to download and store experiments, Class name = b, completed in 163ms, has a falsy return value, , Return Value: undefined [Error: Failed with status 404, Not Found, Uri https://raw.githubusercontent.com/microsoft/vscode-python/master/experiments.json
	at H._callback (/home/devasc/.vscode/extensions/ms-python.python-2020.6.88468/out/client/extension.js:46:708571)
	at a._callback.a.callback.a.callback (/home/devasc/.vscode/extensions/ms-python.python-2020.6.88468/out/client/node_modules/request.js:195:5441)
	at H.emit (node:events:519:28)
	at H.<anonymous> (/home/devasc/.vscode/extensions/ms-python.python-2020.6.88468/out/client/node_modules/request.js:195:18301)
	at H.emit (node:events:519:28)
	at IncomingMessage.<anonymous> (/home/devasc/.vscode/extensions/ms-python.python-2020.6.88468/out/client/node_modules/request.js:195:17133)
	at Object.onceWrapper (node:events:633:28)
	at IncomingMessage.emit (node:events:531:35)
	at endReadableNT (node:internal/streams/readable:1698:12)
	at process.processTicksAndRejections (node:internal/process/task_queues:89:21)]
2026-05-21 18:33:10.881 [error] [Extension Host] Error Python Extension: 2026-05-21 18:33:10: Failed to initialize experiments, Class name = b, completed in 165ms, has a falsy return value, , Return Value: undefined [Error: Failed with status 404, Not Found, Uri https://raw.githubusercontent.com/microsoft/vscode-python/master/experiments.json
	at H._callback (/home/devasc/.vscode/extensions/ms-python.python-2020.6.88468/out/client/extension.js:46:708571)
	at a._callback.a.callback.a.callback (/home/devasc/.vscode/extensions/ms-python.python-2020.6.88468/out/client/node_modules/request.js:195:5441)
	at H.emit (node:events:519:28)
	at H.<anonymous> (/home/devasc/.vscode/extensions/ms-python.python-2020.6.88468/out/client/node_modules/request.js:195:18301)
	at H.emit (node:events:519:28)
	at IncomingMessage.<anonymous> (/home/devasc/.vscode/extensions/ms-python.python-2020.6.88468/out/client/node_modules/request.js:195:17133)
	at Object.onceWrapper (node:events:633:28)
	at IncomingMessage.emit (node:events:531:35)
	at endReadableNT (node:internal/streams/readable:1698:12)
	at process.processTicksAndRejections (node:internal/process/task_queues:89:21)]
2026-05-21 18:33:11.819 [error] An unknown error occurred. Please consult the log for more details.
2026-05-21 18:51:15.732 [info] ChatService#cancelCurrentRequestForSession: No pending request was found for session vscode-chat-session://local/YjAwOTlmZjctMjg4MS00ZTJkLWI3NjMtN2Y1NDM1YjM5YzI3. requestInProgress=false, pendingRequests=0
2026-05-21 18:51:15.733 [info] ChatService#cancelCurrentRequestForSession: No pending request was found for session vscode-chat-session://local/YjAwOTlmZjctMjg4MS00ZTJkLWI3NjMtN2Y1NDM1YjM5YzI3. requestInProgress=false, pendingRequests=0
2026-05-21 18:51:19.001 [info] ChatService#cancelCurrentRequestForSession: No pending request was found for session vscode-chat-session://local/MzJiY2I4ZTUtOGU2NS00NjJiLTgwZDktN2U5MDE4ODA3NWRi. requestInProgress=false, pendingRequests=0
2026-05-21 18:51:19.001 [info] ChatService#cancelCurrentRequestForSession: No pending request was found for session vscode-chat-session://local/MzJiY2I4ZTUtOGU2NS00NjJiLTgwZDktN2U5MDE4ODA3NWRi. requestInProgress=false, pendingRequests=0
